<?xml version="1.0" encoding="UTF-8"?>
<!-- Generated by org.testng.reporters.JUnitReportReporter -->
<testsuite skipped="0" hostname="DESKTOP-PEVVTSQ" name="com.sai.Testcases.LoginTestcase" tests="1" failures="0" timestamp="17 Apr 2021 16:22:11 GMT" time="19.521" errors="0">
  <testcase name="Login" time="19.521" classname="com.sai.Testcases.LoginTestcase"/>
</testsuite> <!-- com.sai.Testcases.LoginTestcase -->
